Analysis & Synthesis report for ula
Sat Oct 29 18:09:46 2022
Quartus Prime Version 21.1.1 Build 850 06/23/2022 SJ Lite Edition


---------------------
; Table of Contents ;
---------------------
  1. Legal Notice
  2. Analysis & Synthesis Summary
  3. Analysis & Synthesis Settings
  4. Parallel Compilation
  5. Analysis & Synthesis Source Files Read
  6. Analysis & Synthesis Resource Usage Summary
  7. Analysis & Synthesis Resource Utilization by Entity
  8. General Register Statistics
  9. Multiplexer Restructuring Statistics (Restructuring Performed)
 10. Parameter Settings for User Entity Instance: ula:u1
 11. Post-Synthesis Netlist Statistics for Top Partition
 12. Elapsed Time Per Partition
 13. Analysis & Synthesis Messages



----------------
; Legal Notice ;
----------------
Copyright (C) 2022  Intel Corporation. All rights reserved.
Your use of Intel Corporation's design tools, logic functions 
and other software and tools, and any partner logic 
functions, and any output files from any of the foregoing 
(including device programming or simulation files), and any 
associated documentation or information are expressly subject 
to the terms and conditions of the Intel Program License 
Subscription Agreement, the Intel Quartus Prime License Agreement,
the Intel FPGA IP License Agreement, or other applicable license
agreement, including, without limitation, that your use is for
the sole purpose of programming logic devices manufactured by
Intel and sold by Intel or its authorized distributors.  Please
refer to the applicable agreement for further details, at
https://fpgasoftware.intel.com/eula.



+----------------------------------------------------------------------------------+
; Analysis & Synthesis Summary                                                     ;
+------------------------------------+---------------------------------------------+
; Analysis & Synthesis Status        ; Successful - Sat Oct 29 18:09:46 2022       ;
; Quartus Prime Version              ; 21.1.1 Build 850 06/23/2022 SJ Lite Edition ;
; Revision Name                      ; ula                                         ;
; Top-level Entity Name              ; DE10_LITE_Golden_Top                        ;
; Family                             ; MAX 10                                      ;
; Total logic elements               ; 63                                          ;
;     Total combinational functions  ; 63                                          ;
;     Dedicated logic registers      ; 0                                           ;
; Total registers                    ; 0                                           ;
; Total pins                         ; 185                                         ;
; Total virtual pins                 ; 0                                           ;
; Total memory bits                  ; 0                                           ;
; Embedded Multiplier 9-bit elements ; 0                                           ;
; Total PLLs                         ; 0                                           ;
; UFM blocks                         ; 0                                           ;
; ADC blocks                         ; 0                                           ;
+------------------------------------+---------------------------------------------+


+--------------------------------------------------------------------------------------------------------------+
; Analysis & Synthesis Settings                                                                                ;
+------------------------------------------------------------------+----------------------+--------------------+
; Option                                                           ; Setting              ; Default Value      ;
+------------------------------------------------------------------+----------------------+--------------------+
; Device                                                           ; 10M50DAF484C6GES     ;                    ;
; Top-level entity name                                            ; DE10_LITE_Golden_Top ; ula                ;
; Family name                                                      ; MAX 10               ; Cyclone V          ;
; Use smart compilation                                            ; Off                  ; Off                ;
; Enable parallel Assembler and Timing Analyzer during compilation ; On                   ; On                 ;
; Enable compact report table                                      ; Off                  ; Off                ;
; Restructure Multiplexers                                         ; Auto                 ; Auto               ;
; Create Debugging Nodes for IP Cores                              ; Off                  ; Off                ;
; Preserve fewer node names                                        ; On                   ; On                 ;
; Intel FPGA IP Evaluation Mode                                    ; Enable               ; Enable             ;
; Verilog Version                                                  ; Verilog_2001         ; Verilog_2001       ;
; VHDL Version                                                     ; VHDL_1993            ; VHDL_1993          ;
; State Machine Processing                                         ; Auto                 ; Auto               ;
; Safe State Machine                                               ; Off                  ; Off                ;
; Extract Verilog State Machines                                   ; On                   ; On                 ;
; Extract VHDL State Machines                                      ; On                   ; On                 ;
; Ignore Verilog initial constructs                                ; Off                  ; Off                ;
; Iteration limit for constant Verilog loops                       ; 5000                 ; 5000               ;
; Iteration limit for non-constant Verilog loops                   ; 250                  ; 250                ;
; Add Pass-Through Logic to Inferred RAMs                          ; On                   ; On                 ;
; Infer RAMs from Raw Logic                                        ; On                   ; On                 ;
; Parallel Synthesis                                               ; On                   ; On                 ;
; DSP Block Balancing                                              ; Auto                 ; Auto               ;
; NOT Gate Push-Back                                               ; On                   ; On                 ;
; Power-Up Don't Care                                              ; On                   ; On                 ;
; Remove Redundant Logic Cells                                     ; Off                  ; Off                ;
; Remove Duplicate Registers                                       ; On                   ; On                 ;
; Ignore CARRY Buffers                                             ; Off                  ; Off                ;
; Ignore CASCADE Buffers                                           ; Off                  ; Off                ;
; Ignore GLOBAL Buffers                                            ; Off                  ; Off                ;
; Ignore ROW GLOBAL Buffers                                        ; Off                  ; Off                ;
; Ignore LCELL Buffers                                             ; Off                  ; Off                ;
; Ignore SOFT Buffers                                              ; On                   ; On                 ;
; Limit AHDL Integers to 32 Bits                                   ; Off                  ; Off                ;
; Optimization Technique                                           ; Balanced             ; Balanced           ;
; Carry Chain Length                                               ; 70                   ; 70                 ;
; Auto Carry Chains                                                ; On                   ; On                 ;
; Auto Open-Drain Pins                                             ; On                   ; On                 ;
; Perform WYSIWYG Primitive Resynthesis                            ; Off                  ; Off                ;
; Auto ROM Replacement                                             ; On                   ; On                 ;
; Auto RAM Replacement                                             ; On                   ; On                 ;
; Auto DSP Block Replacement                                       ; On                   ; On                 ;
; Auto Shift Register Replacement                                  ; Auto                 ; Auto               ;
; Allow Shift Register Merging across Hierarchies                  ; Auto                 ; Auto               ;
; Auto Clock Enable Replacement                                    ; On                   ; On                 ;
; Strict RAM Replacement                                           ; Off                  ; Off                ;
; Allow Synchronous Control Signals                                ; On                   ; On                 ;
; Force Use of Synchronous Clear Signals                           ; Off                  ; Off                ;
; Auto RAM Block Balancing                                         ; On                   ; On                 ;
; Auto RAM to Logic Cell Conversion                                ; Off                  ; Off                ;
; Auto Resource Sharing                                            ; Off                  ; Off                ;
; Allow Any RAM Size For Recognition                               ; Off                  ; Off                ;
; Allow Any ROM Size For Recognition                               ; Off                  ; Off                ;
; Allow Any Shift Register Size For Recognition                    ; Off                  ; Off                ;
; Use LogicLock Constraints during Resource Balancing              ; On                   ; On                 ;
; Ignore translate_off and synthesis_off directives                ; Off                  ; Off                ;
; Timing-Driven Synthesis                                          ; On                   ; On                 ;
; Report Parameter Settings                                        ; On                   ; On                 ;
; Report Source Assignments                                        ; On                   ; On                 ;
; Report Connectivity Checks                                       ; On                   ; On                 ;
; Ignore Maximum Fan-Out Assignments                               ; Off                  ; Off                ;
; Synchronization Register Chain Length                            ; 2                    ; 2                  ;
; Power Optimization During Synthesis                              ; Normal compilation   ; Normal compilation ;
; HDL message level                                                ; Level2               ; Level2             ;
; Suppress Register Optimization Related Messages                  ; Off                  ; Off                ;
; Number of Removed Registers Reported in Synthesis Report         ; 5000                 ; 5000               ;
; Number of Swept Nodes Reported in Synthesis Report               ; 5000                 ; 5000               ;
; Number of Inverted Registers Reported in Synthesis Report        ; 100                  ; 100                ;
; Clock MUX Protection                                             ; On                   ; On                 ;
; Auto Gated Clock Conversion                                      ; Off                  ; Off                ;
; Block Design Naming                                              ; Auto                 ; Auto               ;
; SDC constraint protection                                        ; Off                  ; Off                ;
; Synthesis Effort                                                 ; Auto                 ; Auto               ;
; Shift Register Replacement - Allow Asynchronous Clear Signal     ; On                   ; On                 ;
; Pre-Mapping Resynthesis Optimization                             ; Off                  ; Off                ;
; Analysis & Synthesis Message Level                               ; Medium               ; Medium             ;
; Disable Register Merging Across Hierarchies                      ; Auto                 ; Auto               ;
; Resource Aware Inference For Block RAM                           ; On                   ; On                 ;
+------------------------------------------------------------------+----------------------+--------------------+


+------------------------------------------+
; Parallel Compilation                     ;
+----------------------------+-------------+
; Processors                 ; Number      ;
+----------------------------+-------------+
; Number detected on machine ; 8           ;
; Maximum allowed            ; 4           ;
;                            ;             ;
; Average used               ; 1.00        ;
; Maximum used               ; 1           ;
;                            ;             ;
; Usage by Processor         ; % Time Used ;
;     Processor 1            ; 100.0%      ;
+----------------------------+-------------+


+----------------------------------------------------------------------------------------------------------------------------------------------------+
; Analysis & Synthesis Source Files Read                                                                                                             ;
+----------------------------------+-----------------+------------------------+------------------------------------------------------------+---------+
; File Name with User-Entered Path ; Used in Netlist ; File Type              ; File Name with Absolute Path                               ; Library ;
+----------------------------------+-----------------+------------------------+------------------------------------------------------------+---------+
; ula.vhd                          ; yes             ; User VHDL File         ; /home/fe/Documentos/GitHub/ula_vhdl/ula.vhd                ;         ;
; DE10_LITE_Golden_Top.v           ; yes             ; User Verilog HDL File  ; /home/fe/Documentos/GitHub/ula_vhdl/DE10_LITE_Golden_Top.v ;         ;
+----------------------------------+-----------------+------------------------+------------------------------------------------------------+---------+


+-----------------------------------------------------------+
; Analysis & Synthesis Resource Usage Summary               ;
+---------------------------------------------+-------------+
; Resource                                    ; Usage       ;
+---------------------------------------------+-------------+
; Estimated Total logic elements              ; 63          ;
;                                             ;             ;
; Total combinational functions               ; 63          ;
; Logic element usage by number of LUT inputs ;             ;
;     -- 4 input functions                    ; 46          ;
;     -- 3 input functions                    ; 11          ;
;     -- <=2 input functions                  ; 6           ;
;                                             ;             ;
; Logic elements by mode                      ;             ;
;     -- normal mode                          ; 63          ;
;     -- arithmetic mode                      ; 0           ;
;                                             ;             ;
; Total registers                             ; 0           ;
;     -- Dedicated logic registers            ; 0           ;
;     -- I/O registers                        ; 0           ;
;                                             ;             ;
; I/O pins                                    ; 185         ;
;                                             ;             ;
; Embedded Multiplier 9-bit elements          ; 0           ;
;                                             ;             ;
; Maximum fan-out node                        ; SW[6]~input ;
; Maximum fan-out                             ; 24          ;
; Total fan-out                               ; 490         ;
; Average fan-out                             ; 0.97        ;
+---------------------------------------------+-------------+


+------------------------------------------------------------------------------------------------------------------------------------------------------------------------------------------------------------------------------------------------------+
; Analysis & Synthesis Resource Utilization by Entity                                                                                                                                                                                                  ;
+----------------------------+---------------------+---------------------------+-------------+------------+--------------+---------+-----------+------+--------------+------------+------------------------------+----------------------+--------------+
; Compilation Hierarchy Node ; Combinational ALUTs ; Dedicated Logic Registers ; Memory Bits ; UFM Blocks ; DSP Elements ; DSP 9x9 ; DSP 18x18 ; Pins ; Virtual Pins ; ADC blocks ; Full Hierarchy Name          ; Entity Name          ; Library Name ;
+----------------------------+---------------------+---------------------------+-------------+------------+--------------+---------+-----------+------+--------------+------------+------------------------------+----------------------+--------------+
; |DE10_LITE_Golden_Top      ; 63 (0)              ; 0 (0)                     ; 0           ; 0          ; 0            ; 0       ; 0         ; 185  ; 0            ; 0          ; |DE10_LITE_Golden_Top        ; DE10_LITE_Golden_Top ; work         ;
;    |ula:u1|                ; 63 (63)             ; 0 (0)                     ; 0           ; 0          ; 0            ; 0       ; 0         ; 0    ; 0            ; 0          ; |DE10_LITE_Golden_Top|ula:u1 ; ula                  ; work         ;
+----------------------------+---------------------+---------------------------+-------------+------------+--------------+---------+-----------+------+--------------+------------+------------------------------+----------------------+--------------+
Note: For table entries with two numbers listed, the numbers in parentheses indicate the number of resources of the given type used by the specific entity alone. The numbers listed outside of parentheses indicate the total resources of the given type used by the specific entity and all of its sub-entities in the hierarchy.


+------------------------------------------------------+
; General Register Statistics                          ;
+----------------------------------------------+-------+
; Statistic                                    ; Value ;
+----------------------------------------------+-------+
; Total registers                              ; 0     ;
; Number of registers using Synchronous Clear  ; 0     ;
; Number of registers using Synchronous Load   ; 0     ;
; Number of registers using Asynchronous Clear ; 0     ;
; Number of registers using Asynchronous Load  ; 0     ;
; Number of registers using Clock Enable       ; 0     ;
; Number of registers using Preset             ; 0     ;
+----------------------------------------------+-------+


+-------------------------------------------------------------------------------------------------------------------------------------------------+
; Multiplexer Restructuring Statistics (Restructuring Performed)                                                                                  ;
+--------------------+-----------+---------------+----------------------+------------------------+------------+-----------------------------------+
; Multiplexer Inputs ; Bus Width ; Baseline Area ; Area if Restructured ; Saving if Restructured ; Registered ; Example Multiplexer Output        ;
+--------------------+-----------+---------------+----------------------+------------------------+------------+-----------------------------------+
; 3:1                ; 3 bits    ; 6 LEs         ; 6 LEs                ; 0 LEs                  ; No         ; |DE10_LITE_Golden_Top|ula:u1|Add0 ;
+--------------------+-----------+---------------+----------------------+------------------------+------------+-----------------------------------+


+-----------------------------------------------------+
; Parameter Settings for User Entity Instance: ula:u1 ;
+----------------+-------+----------------------------+
; Parameter Name ; Value ; Type                       ;
+----------------+-------+----------------------------+
; n              ; 3     ; Signed Integer             ;
+----------------+-------+----------------------------+
Note: In order to hide this table in the UI and the text report file, please set the "Show Parameter Settings in Synthesis Report" option in "Analysis and Synthesis Settings -> More Settings" to "Off".


+-----------------------------------------------------+
; Post-Synthesis Netlist Statistics for Top Partition ;
+-----------------------+-----------------------------+
; Type                  ; Count                       ;
+-----------------------+-----------------------------+
; boundary_port         ; 185                         ;
; cycloneiii_io_obuf    ; 71                          ;
; cycloneiii_lcell_comb ; 65                          ;
;     normal            ; 65                          ;
;         0 data inputs ; 1                           ;
;         1 data inputs ; 1                           ;
;         2 data inputs ; 6                           ;
;         3 data inputs ; 11                          ;
;         4 data inputs ; 46                          ;
;                       ;                             ;
; Max LUT depth         ; 11.00                       ;
; Average LUT depth     ; 4.56                        ;
+-----------------------+-----------------------------+


+-------------------------------+
; Elapsed Time Per Partition    ;
+----------------+--------------+
; Partition Name ; Elapsed Time ;
+----------------+--------------+
; Top            ; 00:00:00     ;
+----------------+--------------+


+-------------------------------+
; Analysis & Synthesis Messages ;
+-------------------------------+
Info: *******************************************************************
Info: Running Quartus Prime Analysis & Synthesis
    Info: Version 21.1.1 Build 850 06/23/2022 SJ Lite Edition
    Info: Processing started: Sat Oct 29 18:09:40 2022
Info: Command: quartus_map --read_settings_files=on --write_settings_files=off ula -c ula
Info (125069): Default assignment values were changed in the current version of the Quartus Prime software -- changes to default assignments values are contained in file /opt/intelFPGA/21.1/quartus/linux64/assignment_defaults.qdf
Warning (18236): Number of processors has not been specified which may cause overloading on shared machines.  Set the global assignment NUM_PARALLEL_PROCESSORS in your QSF to an appropriate value for best performance.
Info (20030): Parallel compilation is enabled and will use 4 of the 4 processors detected
Info (12021): Found 2 design units, including 1 entities, in source file ula.vhd
    Info (12022): Found design unit 1: ula-rtl File: /home/fe/Documentos/GitHub/ula_vhdl/ula.vhd Line: 16
    Info (12023): Found entity 1: ula File: /home/fe/Documentos/GitHub/ula_vhdl/ula.vhd Line: 5
Info (12021): Found 1 design units, including 1 entities, in source file DE10_LITE_Golden_Top.v
    Info (12023): Found entity 1: DE10_LITE_Golden_Top File: /home/fe/Documentos/GitHub/ula_vhdl/DE10_LITE_Golden_Top.v Line: 29
Info (12127): Elaborating entity "DE10_LITE_Golden_Top" for the top level hierarchy
Warning (10034): Output port "DRAM_ADDR" at DE10_LITE_Golden_Top.v(46) has no driver File: /home/fe/Documentos/GitHub/ula_vhdl/DE10_LITE_Golden_Top.v Line: 46
Warning (10034): Output port "DRAM_BA" at DE10_LITE_Golden_Top.v(47) has no driver File: /home/fe/Documentos/GitHub/ula_vhdl/DE10_LITE_Golden_Top.v Line: 47
Warning (10034): Output port "HEX0" at DE10_LITE_Golden_Top.v(61) has no driver File: /home/fe/Documentos/GitHub/ula_vhdl/DE10_LITE_Golden_Top.v Line: 61
Warning (10034): Output port "HEX1" at DE10_LITE_Golden_Top.v(64) has no driver File: /home/fe/Documentos/GitHub/ula_vhdl/DE10_LITE_Golden_Top.v Line: 64
Warning (10034): Output port "HEX2" at DE10_LITE_Golden_Top.v(67) has no driver File: /home/fe/Documentos/GitHub/ula_vhdl/DE10_LITE_Golden_Top.v Line: 67
Warning (10034): Output port "HEX3" at DE10_LITE_Golden_Top.v(70) has no driver File: /home/fe/Documentos/GitHub/ula_vhdl/DE10_LITE_Golden_Top.v Line: 70
Warning (10034): Output port "HEX4" at DE10_LITE_Golden_Top.v(73) has no driver File: /home/fe/Documentos/GitHub/ula_vhdl/DE10_LITE_Golden_Top.v Line: 73
Warning (10034): Output port "HEX5" at DE10_LITE_Golden_Top.v(76) has no driver File: /home/fe/Documentos/GitHub/ula_vhdl/DE10_LITE_Golden_Top.v Line: 76
Warning (10034): Output port "LEDR[8..4]" at DE10_LITE_Golden_Top.v(86) has no driver File: /home/fe/Documentos/GitHub/ula_vhdl/DE10_LITE_Golden_Top.v Line: 86
Warning (10034): Output port "VGA_B" at DE10_LITE_Golden_Top.v(96) has no driver File: /home/fe/Documentos/GitHub/ula_vhdl/DE10_LITE_Golden_Top.v Line: 96
Warning (10034): Output port "VGA_G" at DE10_LITE_Golden_Top.v(97) has no driver File: /home/fe/Documentos/GitHub/ula_vhdl/DE10_LITE_Golden_Top.v Line: 97
Warning (10034): Output port "VGA_R" at DE10_LITE_Golden_Top.v(99) has no driver File: /home/fe/Documentos/GitHub/ula_vhdl/DE10_LITE_Golden_Top.v Line: 99
Warning (10034): Output port "DRAM_CAS_N" at DE10_LITE_Golden_Top.v(48) has no driver File: /home/fe/Documentos/GitHub/ula_vhdl/DE10_LITE_Golden_Top.v Line: 48
Warning (10034): Output port "DRAM_CKE" at DE10_LITE_Golden_Top.v(49) has no driver File: /home/fe/Documentos/GitHub/ula_vhdl/DE10_LITE_Golden_Top.v Line: 49
Warning (10034): Output port "DRAM_CLK" at DE10_LITE_Golden_Top.v(50) has no driver File: /home/fe/Documentos/GitHub/ula_vhdl/DE10_LITE_Golden_Top.v Line: 50
Warning (10034): Output port "DRAM_CS_N" at DE10_LITE_Golden_Top.v(51) has no driver File: /home/fe/Documentos/GitHub/ula_vhdl/DE10_LITE_Golden_Top.v Line: 51
Warning (10034): Output port "DRAM_LDQM" at DE10_LITE_Golden_Top.v(53) has no driver File: /home/fe/Documentos/GitHub/ula_vhdl/DE10_LITE_Golden_Top.v Line: 53
Warning (10034): Output port "DRAM_RAS_N" at DE10_LITE_Golden_Top.v(54) has no driver File: /home/fe/Documentos/GitHub/ula_vhdl/DE10_LITE_Golden_Top.v Line: 54
Warning (10034): Output port "DRAM_UDQM" at DE10_LITE_Golden_Top.v(55) has no driver File: /home/fe/Documentos/GitHub/ula_vhdl/DE10_LITE_Golden_Top.v Line: 55
Warning (10034): Output port "DRAM_WE_N" at DE10_LITE_Golden_Top.v(56) has no driver File: /home/fe/Documentos/GitHub/ula_vhdl/DE10_LITE_Golden_Top.v Line: 56
Warning (10034): Output port "VGA_HS" at DE10_LITE_Golden_Top.v(98) has no driver File: /home/fe/Documentos/GitHub/ula_vhdl/DE10_LITE_Golden_Top.v Line: 98
Warning (10034): Output port "VGA_VS" at DE10_LITE_Golden_Top.v(100) has no driver File: /home/fe/Documentos/GitHub/ula_vhdl/DE10_LITE_Golden_Top.v Line: 100
Warning (10034): Output port "GSENSOR_CS_N" at DE10_LITE_Golden_Top.v(105) has no driver File: /home/fe/Documentos/GitHub/ula_vhdl/DE10_LITE_Golden_Top.v Line: 105
Warning (10034): Output port "GSENSOR_SCLK" at DE10_LITE_Golden_Top.v(107) has no driver File: /home/fe/Documentos/GitHub/ula_vhdl/DE10_LITE_Golden_Top.v Line: 107
Info (12128): Elaborating entity "ula" for hierarchy "ula:u1" File: /home/fe/Documentos/GitHub/ula_vhdl/DE10_LITE_Golden_Top.v Line: 143
Warning (13039): The following bidirectional pins have no drivers
    Warning (13040): bidirectional pin "DRAM_DQ[0]" has no driver File: /home/fe/Documentos/GitHub/ula_vhdl/DE10_LITE_Golden_Top.v Line: 52
    Warning (13040): bidirectional pin "DRAM_DQ[1]" has no driver File: /home/fe/Documentos/GitHub/ula_vhdl/DE10_LITE_Golden_Top.v Line: 52
    Warning (13040): bidirectional pin "DRAM_DQ[2]" has no driver File: /home/fe/Documentos/GitHub/ula_vhdl/DE10_LITE_Golden_Top.v Line: 52
    Warning (13040): bidirectional pin "DRAM_DQ[3]" has no driver File: /home/fe/Documentos/GitHub/ula_vhdl/DE10_LITE_Golden_Top.v Line: 52
    Warning (13040): bidirectional pin "DRAM_DQ[4]" has no driver File: /home/fe/Documentos/GitHub/ula_vhdl/DE10_LITE_Golden_Top.v Line: 52
    Warning (13040): bidirectional pin "DRAM_DQ[5]" has no driver File: /home/fe/Documentos/GitHub/ula_vhdl/DE10_LITE_Golden_Top.v Line: 52
    Warning (13040): bidirectional pin "DRAM_DQ[6]" has no driver File: /home/fe/Documentos/GitHub/ula_vhdl/DE10_LITE_Golden_Top.v Line: 52
    Warning (13040): bidirectional pin "DRAM_DQ[7]" has no driver File: /home/fe/Documentos/GitHub/ula_vhdl/DE10_LITE_Golden_Top.v Line: 52
    Warning (13040): bidirectional pin "DRAM_DQ[8]" has no driver File: /home/fe/Documentos/GitHub/ula_vhdl/DE10_LITE_Golden_Top.v Line: 52
    Warning (13040): bidirectional pin "DRAM_DQ[9]" has no driver File: /home/fe/Documentos/GitHub/ula_vhdl/DE10_LITE_Golden_Top.v Line: 52
    Warning (13040): bidirectional pin "DRAM_DQ[10]" has no driver File: /home/fe/Documentos/GitHub/ula_vhdl/DE10_LITE_Golden_Top.v Line: 52
    Warning (13040): bidirectional pin "DRAM_DQ[11]" has no driver File: /home/fe/Documentos/GitHub/ula_vhdl/DE10_LITE_Golden_Top.v Line: 52
    Warning (13040): bidirectional pin "DRAM_DQ[12]" has no driver File: /home/fe/Documentos/GitHub/ula_vhdl/DE10_LITE_Golden_Top.v Line: 52
    Warning (13040): bidirectional pin "DRAM_DQ[13]" has no driver File: /home/fe/Documentos/GitHub/ula_vhdl/DE10_LITE_Golden_Top.v Line: 52
    Warning (13040): bidirectional pin "DRAM_DQ[14]" has no driver File: /home/fe/Documentos/GitHub/ula_vhdl/DE10_LITE_Golden_Top.v Line: 52
    Warning (13040): bidirectional pin "DRAM_DQ[15]" has no driver File: /home/fe/Documentos/GitHub/ula_vhdl/DE10_LITE_Golden_Top.v Line: 52
    Warning (13040): bidirectional pin "GSENSOR_SDI" has no driver File: /home/fe/Documentos/GitHub/ula_vhdl/DE10_LITE_Golden_Top.v Line: 108
    Warning (13040): bidirectional pin "GSENSOR_SDO" has no driver File: /home/fe/Documentos/GitHub/ula_vhdl/DE10_LITE_Golden_Top.v Line: 109
    Warning (13040): bidirectional pin "ARDUINO_IO[0]" has no driver File: /home/fe/Documentos/GitHub/ula_vhdl/DE10_LITE_Golden_Top.v Line: 114
    Warning (13040): bidirectional pin "ARDUINO_IO[1]" has no driver File: /home/fe/Documentos/GitHub/ula_vhdl/DE10_LITE_Golden_Top.v Line: 114
    Warning (13040): bidirectional pin "ARDUINO_IO[2]" has no driver File: /home/fe/Documentos/GitHub/ula_vhdl/DE10_LITE_Golden_Top.v Line: 114
    Warning (13040): bidirectional pin "ARDUINO_IO[3]" has no driver File: /home/fe/Documentos/GitHub/ula_vhdl/DE10_LITE_Golden_Top.v Line: 114
    Warning (13040): bidirectional pin "ARDUINO_IO[4]" has no driver File: /home/fe/Documentos/GitHub/ula_vhdl/DE10_LITE_Golden_Top.v Line: 114
    Warning (13040): bidirectional pin "ARDUINO_IO[5]" has no driver File: /home/fe/Documentos/GitHub/ula_vhdl/DE10_LITE_Golden_Top.v Line: 114
    Warning (13040): bidirectional pin "ARDUINO_IO[6]" has no driver File: /home/fe/Documentos/GitHub/ula_vhdl/DE10_LITE_Golden_Top.v Line: 114
    Warning (13040): bidirectional pin "ARDUINO_IO[7]" has no driver File: /home/fe/Documentos/GitHub/ula_vhdl/DE10_LITE_Golden_Top.v Line: 114
    Warning (13040): bidirectional pin "ARDUINO_IO[8]" has no driver File: /home/fe/Documentos/GitHub/ula_vhdl/DE10_LITE_Golden_Top.v Line: 114
    Warning (13040): bidirectional pin "ARDUINO_IO[9]" has no driver File: /home/fe/Documentos/GitHub/ula_vhdl/DE10_LITE_Golden_Top.v Line: 114
    Warning (13040): bidirectional pin "ARDUINO_IO[10]" has no driver File: /home/fe/Documentos/GitHub/ula_vhdl/DE10_LITE_Golden_Top.v Line: 114
    Warning (13040): bidirectional pin "ARDUINO_IO[11]" has no driver File: /home/fe/Documentos/GitHub/ula_vhdl/DE10_LITE_Golden_Top.v Line: 114
    Warning (13040): bidirectional pin "ARDUINO_IO[12]" has no driver File: /home/fe/Documentos/GitHub/ula_vhdl/DE10_LITE_Golden_Top.v Line: 114
    Warning (13040): bidirectional pin "ARDUINO_IO[13]" has no driver File: /home/fe/Documentos/GitHub/ula_vhdl/DE10_LITE_Golden_Top.v Line: 114
    Warning (13040): bidirectional pin "ARDUINO_IO[14]" has no driver File: /home/fe/Documentos/GitHub/ula_vhdl/DE10_LITE_Golden_Top.v Line: 114
    Warning (13040): bidirectional pin "ARDUINO_IO[15]" has no driver File: /home/fe/Documentos/GitHub/ula_vhdl/DE10_LITE_Golden_Top.v Line: 114
    Warning (13040): bidirectional pin "ARDUINO_RESET_N" has no driver File: /home/fe/Documentos/GitHub/ula_vhdl/DE10_LITE_Golden_Top.v Line: 115
    Warning (13040): bidirectional pin "GPIO[0]" has no driver File: /home/fe/Documentos/GitHub/ula_vhdl/DE10_LITE_Golden_Top.v Line: 122
    Warning (13040): bidirectional pin "GPIO[1]" has no driver File: /home/fe/Documentos/GitHub/ula_vhdl/DE10_LITE_Golden_Top.v Line: 122
    Warning (13040): bidirectional pin "GPIO[2]" has no driver File: /home/fe/Documentos/GitHub/ula_vhdl/DE10_LITE_Golden_Top.v Line: 122
    Warning (13040): bidirectional pin "GPIO[3]" has no driver File: /home/fe/Documentos/GitHub/ula_vhdl/DE10_LITE_Golden_Top.v Line: 122
    Warning (13040): bidirectional pin "GPIO[4]" has no driver File: /home/fe/Documentos/GitHub/ula_vhdl/DE10_LITE_Golden_Top.v Line: 122
    Warning (13040): bidirectional pin "GPIO[5]" has no driver File: /home/fe/Documentos/GitHub/ula_vhdl/DE10_LITE_Golden_Top.v Line: 122
    Warning (13040): bidirectional pin "GPIO[6]" has no driver File: /home/fe/Documentos/GitHub/ula_vhdl/DE10_LITE_Golden_Top.v Line: 122
    Warning (13040): bidirectional pin "GPIO[7]" has no driver File: /home/fe/Documentos/GitHub/ula_vhdl/DE10_LITE_Golden_Top.v Line: 122
    Warning (13040): bidirectional pin "GPIO[8]" has no driver File: /home/fe/Documentos/GitHub/ula_vhdl/DE10_LITE_Golden_Top.v Line: 122
    Warning (13040): bidirectional pin "GPIO[9]" has no driver File: /home/fe/Documentos/GitHub/ula_vhdl/DE10_LITE_Golden_Top.v Line: 122
    Warning (13040): bidirectional pin "GPIO[10]" has no driver File: /home/fe/Documentos/GitHub/ula_vhdl/DE10_LITE_Golden_Top.v Line: 122
    Warning (13040): bidirectional pin "GPIO[11]" has no driver File: /home/fe/Documentos/GitHub/ula_vhdl/DE10_LITE_Golden_Top.v Line: 122
    Warning (13040): bidirectional pin "GPIO[12]" has no driver File: /home/fe/Documentos/GitHub/ula_vhdl/DE10_LITE_Golden_Top.v Line: 122
    Warning (13040): bidirectional pin "GPIO[13]" has no driver File: /home/fe/Documentos/GitHub/ula_vhdl/DE10_LITE_Golden_Top.v Line: 122
    Warning (13040): bidirectional pin "GPIO[14]" has no driver File: /home/fe/Documentos/GitHub/ula_vhdl/DE10_LITE_Golden_Top.v Line: 122
    Warning (13040): bidirectional pin "GPIO[15]" has no driver File: /home/fe/Documentos/GitHub/ula_vhdl/DE10_LITE_Golden_Top.v Line: 122
    Warning (13040): bidirectional pin "GPIO[16]" has no driver File: /home/fe/Documentos/GitHub/ula_vhdl/DE10_LITE_Golden_Top.v Line: 122
    Warning (13040): bidirectional pin "GPIO[17]" has no driver File: /home/fe/Documentos/GitHub/ula_vhdl/DE10_LITE_Golden_Top.v Line: 122
    Warning (13040): bidirectional pin "GPIO[18]" has no driver File: /home/fe/Documentos/GitHub/ula_vhdl/DE10_LITE_Golden_Top.v Line: 122
    Warning (13040): bidirectional pin "GPIO[19]" has no driver File: /home/fe/Documentos/GitHub/ula_vhdl/DE10_LITE_Golden_Top.v Line: 122
    Warning (13040): bidirectional pin "GPIO[20]" has no driver File: /home/fe/Documentos/GitHub/ula_vhdl/DE10_LITE_Golden_Top.v Line: 122
    Warning (13040): bidirectional pin "GPIO[21]" has no driver File: /home/fe/Documentos/GitHub/ula_vhdl/DE10_LITE_Golden_Top.v Line: 122
    Warning (13040): bidirectional pin "GPIO[22]" has no driver File: /home/fe/Documentos/GitHub/ula_vhdl/DE10_LITE_Golden_Top.v Line: 122
    Warning (13040): bidirectional pin "GPIO[23]" has no driver File: /home/fe/Documentos/GitHub/ula_vhdl/DE10_LITE_Golden_Top.v Line: 122
    Warning (13040): bidirectional pin "GPIO[24]" has no driver File: /home/fe/Documentos/GitHub/ula_vhdl/DE10_LITE_Golden_Top.v Line: 122
    Warning (13040): bidirectional pin "GPIO[25]" has no driver File: /home/fe/Documentos/GitHub/ula_vhdl/DE10_LITE_Golden_Top.v Line: 122
    Warning (13040): bidirectional pin "GPIO[26]" has no driver File: /home/fe/Documentos/GitHub/ula_vhdl/DE10_LITE_Golden_Top.v Line: 122
    Warning (13040): bidirectional pin "GPIO[27]" has no driver File: /home/fe/Documentos/GitHub/ula_vhdl/DE10_LITE_Golden_Top.v Line: 122
    Warning (13040): bidirectional pin "GPIO[28]" has no driver File: /home/fe/Documentos/GitHub/ula_vhdl/DE10_LITE_Golden_Top.v Line: 122
    Warning (13040): bidirectional pin "GPIO[29]" has no driver File: /home/fe/Documentos/GitHub/ula_vhdl/DE10_LITE_Golden_Top.v Line: 122
    Warning (13040): bidirectional pin "GPIO[30]" has no driver File: /home/fe/Documentos/GitHub/ula_vhdl/DE10_LITE_Golden_Top.v Line: 122
    Warning (13040): bidirectional pin "GPIO[31]" has no driver File: /home/fe/Documentos/GitHub/ula_vhdl/DE10_LITE_Golden_Top.v Line: 122
    Warning (13040): bidirectional pin "GPIO[32]" has no driver File: /home/fe/Documentos/GitHub/ula_vhdl/DE10_LITE_Golden_Top.v Line: 122
    Warning (13040): bidirectional pin "GPIO[33]" has no driver File: /home/fe/Documentos/GitHub/ula_vhdl/DE10_LITE_Golden_Top.v Line: 122
    Warning (13040): bidirectional pin "GPIO[34]" has no driver File: /home/fe/Documentos/GitHub/ula_vhdl/DE10_LITE_Golden_Top.v Line: 122
    Warning (13040): bidirectional pin "GPIO[35]" has no driver File: /home/fe/Documentos/GitHub/ula_vhdl/DE10_LITE_Golden_Top.v Line: 122
Warning (13024): Output pins are stuck at VCC or GND
    Warning (13410): Pin "DRAM_ADDR[0]" is stuck at GND File: /home/fe/Documentos/GitHub/ula_vhdl/DE10_LITE_Golden_Top.v Line: 46
    Warning (13410): Pin "DRAM_ADDR[1]" is stuck at GND File: /home/fe/Documentos/GitHub/ula_vhdl/DE10_LITE_Golden_Top.v Line: 46
    Warning (13410): Pin "DRAM_ADDR[2]" is stuck at GND File: /home/fe/Documentos/GitHub/ula_vhdl/DE10_LITE_Golden_Top.v Line: 46
    Warning (13410): Pin "DRAM_ADDR[3]" is stuck at GND File: /home/fe/Documentos/GitHub/ula_vhdl/DE10_LITE_Golden_Top.v Line: 46
    Warning (13410): Pin "DRAM_ADDR[4]" is stuck at GND File: /home/fe/Documentos/GitHub/ula_vhdl/DE10_LITE_Golden_Top.v Line: 46
    Warning (13410): Pin "DRAM_ADDR[5]" is stuck at GND File: /home/fe/Documentos/GitHub/ula_vhdl/DE10_LITE_Golden_Top.v Line: 46
    Warning (13410): Pin "DRAM_ADDR[6]" is stuck at GND File: /home/fe/Documentos/GitHub/ula_vhdl/DE10_LITE_Golden_Top.v Line: 46
    Warning (13410): Pin "DRAM_ADDR[7]" is stuck at GND File: /home/fe/Documentos/GitHub/ula_vhdl/DE10_LITE_Golden_Top.v Line: 46
    Warning (13410): Pin "DRAM_ADDR[8]" is stuck at GND File: /home/fe/Documentos/GitHub/ula_vhdl/DE10_LITE_Golden_Top.v Line: 46
    Warning (13410): Pin "DRAM_ADDR[9]" is stuck at GND File: /home/fe/Documentos/GitHub/ula_vhdl/DE10_LITE_Golden_Top.v Line: 46
    Warning (13410): Pin "DRAM_ADDR[10]" is stuck at GND File: /home/fe/Documentos/GitHub/ula_vhdl/DE10_LITE_Golden_Top.v Line: 46
    Warning (13410): Pin "DRAM_ADDR[11]" is stuck at GND File: /home/fe/Documentos/GitHub/ula_vhdl/DE10_LITE_Golden_Top.v Line: 46
    Warning (13410): Pin "DRAM_ADDR[12]" is stuck at GND File: /home/fe/Documentos/GitHub/ula_vhdl/DE10_LITE_Golden_Top.v Line: 46
    Warning (13410): Pin "DRAM_BA[0]" is stuck at GND File: /home/fe/Documentos/GitHub/ula_vhdl/DE10_LITE_Golden_Top.v Line: 47
    Warning (13410): Pin "DRAM_BA[1]" is stuck at GND File: /home/fe/Documentos/GitHub/ula_vhdl/DE10_LITE_Golden_Top.v Line: 47
    Warning (13410): Pin "DRAM_CAS_N" is stuck at GND File: /home/fe/Documentos/GitHub/ula_vhdl/DE10_LITE_Golden_Top.v Line: 48
    Warning (13410): Pin "DRAM_CKE" is stuck at GND File: /home/fe/Documentos/GitHub/ula_vhdl/DE10_LITE_Golden_Top.v Line: 49
    Warning (13410): Pin "DRAM_CLK" is stuck at GND File: /home/fe/Documentos/GitHub/ula_vhdl/DE10_LITE_Golden_Top.v Line: 50
    Warning (13410): Pin "DRAM_CS_N" is stuck at GND File: /home/fe/Documentos/GitHub/ula_vhdl/DE10_LITE_Golden_Top.v Line: 51
    Warning (13410): Pin "DRAM_LDQM" is stuck at GND File: /home/fe/Documentos/GitHub/ula_vhdl/DE10_LITE_Golden_Top.v Line: 53
    Warning (13410): Pin "DRAM_RAS_N" is stuck at GND File: /home/fe/Documentos/GitHub/ula_vhdl/DE10_LITE_Golden_Top.v Line: 54
    Warning (13410): Pin "DRAM_UDQM" is stuck at GND File: /home/fe/Documentos/GitHub/ula_vhdl/DE10_LITE_Golden_Top.v Line: 55
    Warning (13410): Pin "DRAM_WE_N" is stuck at GND File: /home/fe/Documentos/GitHub/ula_vhdl/DE10_LITE_Golden_Top.v Line: 56
    Warning (13410): Pin "HEX0[0]" is stuck at GND File: /home/fe/Documentos/GitHub/ula_vhdl/DE10_LITE_Golden_Top.v Line: 61
    Warning (13410): Pin "HEX0[1]" is stuck at GND File: /home/fe/Documentos/GitHub/ula_vhdl/DE10_LITE_Golden_Top.v Line: 61
    Warning (13410): Pin "HEX0[2]" is stuck at GND File: /home/fe/Documentos/GitHub/ula_vhdl/DE10_LITE_Golden_Top.v Line: 61
    Warning (13410): Pin "HEX0[3]" is stuck at GND File: /home/fe/Documentos/GitHub/ula_vhdl/DE10_LITE_Golden_Top.v Line: 61
    Warning (13410): Pin "HEX0[4]" is stuck at GND File: /home/fe/Documentos/GitHub/ula_vhdl/DE10_LITE_Golden_Top.v Line: 61
    Warning (13410): Pin "HEX0[5]" is stuck at GND File: /home/fe/Documentos/GitHub/ula_vhdl/DE10_LITE_Golden_Top.v Line: 61
    Warning (13410): Pin "HEX0[6]" is stuck at GND File: /home/fe/Documentos/GitHub/ula_vhdl/DE10_LITE_Golden_Top.v Line: 61
    Warning (13410): Pin "HEX0[7]" is stuck at GND File: /home/fe/Documentos/GitHub/ula_vhdl/DE10_LITE_Golden_Top.v Line: 61
    Warning (13410): Pin "HEX1[0]" is stuck at GND File: /home/fe/Documentos/GitHub/ula_vhdl/DE10_LITE_Golden_Top.v Line: 64
    Warning (13410): Pin "HEX1[1]" is stuck at GND File: /home/fe/Documentos/GitHub/ula_vhdl/DE10_LITE_Golden_Top.v Line: 64
    Warning (13410): Pin "HEX1[2]" is stuck at GND File: /home/fe/Documentos/GitHub/ula_vhdl/DE10_LITE_Golden_Top.v Line: 64
    Warning (13410): Pin "HEX1[3]" is stuck at GND File: /home/fe/Documentos/GitHub/ula_vhdl/DE10_LITE_Golden_Top.v Line: 64
    Warning (13410): Pin "HEX1[4]" is stuck at GND File: /home/fe/Documentos/GitHub/ula_vhdl/DE10_LITE_Golden_Top.v Line: 64
    Warning (13410): Pin "HEX1[5]" is stuck at GND File: /home/fe/Documentos/GitHub/ula_vhdl/DE10_LITE_Golden_Top.v Line: 64
    Warning (13410): Pin "HEX1[6]" is stuck at GND File: /home/fe/Documentos/GitHub/ula_vhdl/DE10_LITE_Golden_Top.v Line: 64
    Warning (13410): Pin "HEX1[7]" is stuck at GND File: /home/fe/Documentos/GitHub/ula_vhdl/DE10_LITE_Golden_Top.v Line: 64
    Warning (13410): Pin "HEX2[0]" is stuck at GND File: /home/fe/Documentos/GitHub/ula_vhdl/DE10_LITE_Golden_Top.v Line: 67
    Warning (13410): Pin "HEX2[1]" is stuck at GND File: /home/fe/Documentos/GitHub/ula_vhdl/DE10_LITE_Golden_Top.v Line: 67
    Warning (13410): Pin "HEX2[2]" is stuck at GND File: /home/fe/Documentos/GitHub/ula_vhdl/DE10_LITE_Golden_Top.v Line: 67
    Warning (13410): Pin "HEX2[3]" is stuck at GND File: /home/fe/Documentos/GitHub/ula_vhdl/DE10_LITE_Golden_Top.v Line: 67
    Warning (13410): Pin "HEX2[4]" is stuck at GND File: /home/fe/Documentos/GitHub/ula_vhdl/DE10_LITE_Golden_Top.v Line: 67
    Warning (13410): Pin "HEX2[5]" is stuck at GND File: /home/fe/Documentos/GitHub/ula_vhdl/DE10_LITE_Golden_Top.v Line: 67
    Warning (13410): Pin "HEX2[6]" is stuck at GND File: /home/fe/Documentos/GitHub/ula_vhdl/DE10_LITE_Golden_Top.v Line: 67
    Warning (13410): Pin "HEX2[7]" is stuck at GND File: /home/fe/Documentos/GitHub/ula_vhdl/DE10_LITE_Golden_Top.v Line: 67
    Warning (13410): Pin "HEX3[0]" is stuck at GND File: /home/fe/Documentos/GitHub/ula_vhdl/DE10_LITE_Golden_Top.v Line: 70
    Warning (13410): Pin "HEX3[1]" is stuck at GND File: /home/fe/Documentos/GitHub/ula_vhdl/DE10_LITE_Golden_Top.v Line: 70
    Warning (13410): Pin "HEX3[2]" is stuck at GND File: /home/fe/Documentos/GitHub/ula_vhdl/DE10_LITE_Golden_Top.v Line: 70
    Warning (13410): Pin "HEX3[3]" is stuck at GND File: /home/fe/Documentos/GitHub/ula_vhdl/DE10_LITE_Golden_Top.v Line: 70
    Warning (13410): Pin "HEX3[4]" is stuck at GND File: /home/fe/Documentos/GitHub/ula_vhdl/DE10_LITE_Golden_Top.v Line: 70
    Warning (13410): Pin "HEX3[5]" is stuck at GND File: /home/fe/Documentos/GitHub/ula_vhdl/DE10_LITE_Golden_Top.v Line: 70
    Warning (13410): Pin "HEX3[6]" is stuck at GND File: /home/fe/Documentos/GitHub/ula_vhdl/DE10_LITE_Golden_Top.v Line: 70
    Warning (13410): Pin "HEX3[7]" is stuck at GND File: /home/fe/Documentos/GitHub/ula_vhdl/DE10_LITE_Golden_Top.v Line: 70
    Warning (13410): Pin "HEX4[0]" is stuck at GND File: /home/fe/Documentos/GitHub/ula_vhdl/DE10_LITE_Golden_Top.v Line: 73
    Warning (13410): Pin "HEX4[1]" is stuck at GND File: /home/fe/Documentos/GitHub/ula_vhdl/DE10_LITE_Golden_Top.v Line: 73
    Warning (13410): Pin "HEX4[2]" is stuck at GND File: /home/fe/Documentos/GitHub/ula_vhdl/DE10_LITE_Golden_Top.v Line: 73
    Warning (13410): Pin "HEX4[3]" is stuck at GND File: /home/fe/Documentos/GitHub/ula_vhdl/DE10_LITE_Golden_Top.v Line: 73
    Warning (13410): Pin "HEX4[4]" is stuck at GND File: /home/fe/Documentos/GitHub/ula_vhdl/DE10_LITE_Golden_Top.v Line: 73
    Warning (13410): Pin "HEX4[5]" is stuck at GND File: /home/fe/Documentos/GitHub/ula_vhdl/DE10_LITE_Golden_Top.v Line: 73
    Warning (13410): Pin "HEX4[6]" is stuck at GND File: /home/fe/Documentos/GitHub/ula_vhdl/DE10_LITE_Golden_Top.v Line: 73
    Warning (13410): Pin "HEX4[7]" is stuck at GND File: /home/fe/Documentos/GitHub/ula_vhdl/DE10_LITE_Golden_Top.v Line: 73
    Warning (13410): Pin "HEX5[0]" is stuck at GND File: /home/fe/Documentos/GitHub/ula_vhdl/DE10_LITE_Golden_Top.v Line: 76
    Warning (13410): Pin "HEX5[1]" is stuck at GND File: /home/fe/Documentos/GitHub/ula_vhdl/DE10_LITE_Golden_Top.v Line: 76
    Warning (13410): Pin "HEX5[2]" is stuck at GND File: /home/fe/Documentos/GitHub/ula_vhdl/DE10_LITE_Golden_Top.v Line: 76
    Warning (13410): Pin "HEX5[3]" is stuck at GND File: /home/fe/Documentos/GitHub/ula_vhdl/DE10_LITE_Golden_Top.v Line: 76
    Warning (13410): Pin "HEX5[4]" is stuck at GND File: /home/fe/Documentos/GitHub/ula_vhdl/DE10_LITE_Golden_Top.v Line: 76
    Warning (13410): Pin "HEX5[5]" is stuck at GND File: /home/fe/Documentos/GitHub/ula_vhdl/DE10_LITE_Golden_Top.v Line: 76
    Warning (13410): Pin "HEX5[6]" is stuck at GND File: /home/fe/Documentos/GitHub/ula_vhdl/DE10_LITE_Golden_Top.v Line: 76
    Warning (13410): Pin "HEX5[7]" is stuck at GND File: /home/fe/Documentos/GitHub/ula_vhdl/DE10_LITE_Golden_Top.v Line: 76
    Warning (13410): Pin "LEDR[4]" is stuck at GND File: /home/fe/Documentos/GitHub/ula_vhdl/DE10_LITE_Golden_Top.v Line: 86
    Warning (13410): Pin "LEDR[5]" is stuck at GND File: /home/fe/Documentos/GitHub/ula_vhdl/DE10_LITE_Golden_Top.v Line: 86
    Warning (13410): Pin "LEDR[6]" is stuck at GND File: /home/fe/Documentos/GitHub/ula_vhdl/DE10_LITE_Golden_Top.v Line: 86
    Warning (13410): Pin "LEDR[7]" is stuck at GND File: /home/fe/Documentos/GitHub/ula_vhdl/DE10_LITE_Golden_Top.v Line: 86
    Warning (13410): Pin "LEDR[8]" is stuck at GND File: /home/fe/Documentos/GitHub/ula_vhdl/DE10_LITE_Golden_Top.v Line: 86
    Warning (13410): Pin "VGA_B[0]" is stuck at GND File: /home/fe/Documentos/GitHub/ula_vhdl/DE10_LITE_Golden_Top.v Line: 96
    Warning (13410): Pin "VGA_B[1]" is stuck at GND File: /home/fe/Documentos/GitHub/ula_vhdl/DE10_LITE_Golden_Top.v Line: 96
    Warning (13410): Pin "VGA_B[2]" is stuck at GND File: /home/fe/Documentos/GitHub/ula_vhdl/DE10_LITE_Golden_Top.v Line: 96
    Warning (13410): Pin "VGA_B[3]" is stuck at GND File: /home/fe/Documentos/GitHub/ula_vhdl/DE10_LITE_Golden_Top.v Line: 96
    Warning (13410): Pin "VGA_G[0]" is stuck at GND File: /home/fe/Documentos/GitHub/ula_vhdl/DE10_LITE_Golden_Top.v Line: 97
    Warning (13410): Pin "VGA_G[1]" is stuck at GND File: /home/fe/Documentos/GitHub/ula_vhdl/DE10_LITE_Golden_Top.v Line: 97
    Warning (13410): Pin "VGA_G[2]" is stuck at GND File: /home/fe/Documentos/GitHub/ula_vhdl/DE10_LITE_Golden_Top.v Line: 97
    Warning (13410): Pin "VGA_G[3]" is stuck at GND File: /home/fe/Documentos/GitHub/ula_vhdl/DE10_LITE_Golden_Top.v Line: 97
    Warning (13410): Pin "VGA_HS" is stuck at GND File: /home/fe/Documentos/GitHub/ula_vhdl/DE10_LITE_Golden_Top.v Line: 98
    Warning (13410): Pin "VGA_R[0]" is stuck at GND File: /home/fe/Documentos/GitHub/ula_vhdl/DE10_LITE_Golden_Top.v Line: 99
    Warning (13410): Pin "VGA_R[1]" is stuck at GND File: /home/fe/Documentos/GitHub/ula_vhdl/DE10_LITE_Golden_Top.v Line: 99
    Warning (13410): Pin "VGA_R[2]" is stuck at GND File: /home/fe/Documentos/GitHub/ula_vhdl/DE10_LITE_Golden_Top.v Line: 99
    Warning (13410): Pin "VGA_R[3]" is stuck at GND File: /home/fe/Documentos/GitHub/ula_vhdl/DE10_LITE_Golden_Top.v Line: 99
    Warning (13410): Pin "VGA_VS" is stuck at GND File: /home/fe/Documentos/GitHub/ula_vhdl/DE10_LITE_Golden_Top.v Line: 100
    Warning (13410): Pin "GSENSOR_CS_N" is stuck at GND File: /home/fe/Documentos/GitHub/ula_vhdl/DE10_LITE_Golden_Top.v Line: 105
    Warning (13410): Pin "GSENSOR_SCLK" is stuck at GND File: /home/fe/Documentos/GitHub/ula_vhdl/DE10_LITE_Golden_Top.v Line: 107
Info (286030): Timing-Driven Synthesis is running
Info (16010): Generating hard_block partition "hard_block:auto_generated_inst"
    Info (16011): Adding 0 node(s), including 0 DDIO, 0 PLL, 0 transceiver and 0 LCELL
Warning (21074): Design contains 6 input pin(s) that do not drive logic
    Warning (15610): No output dependent on input pin "ADC_CLK_10" File: /home/fe/Documentos/GitHub/ula_vhdl/DE10_LITE_Golden_Top.v Line: 33
    Warning (15610): No output dependent on input pin "MAX10_CLK1_50" File: /home/fe/Documentos/GitHub/ula_vhdl/DE10_LITE_Golden_Top.v Line: 37
    Warning (15610): No output dependent on input pin "MAX10_CLK2_50" File: /home/fe/Documentos/GitHub/ula_vhdl/DE10_LITE_Golden_Top.v Line: 41
    Warning (15610): No output dependent on input pin "KEY[1]" File: /home/fe/Documentos/GitHub/ula_vhdl/DE10_LITE_Golden_Top.v Line: 81
    Warning (15610): No output dependent on input pin "GSENSOR_INT[1]" File: /home/fe/Documentos/GitHub/ula_vhdl/DE10_LITE_Golden_Top.v Line: 106
    Warning (15610): No output dependent on input pin "GSENSOR_INT[2]" File: /home/fe/Documentos/GitHub/ula_vhdl/DE10_LITE_Golden_Top.v Line: 106
Info (21057): Implemented 248 device resources after synthesis - the final resource count might be different
    Info (21058): Implemented 17 input pins
    Info (21059): Implemented 97 output pins
    Info (21060): Implemented 71 bidirectional pins
    Info (21061): Implemented 63 logic cells
Info: Quartus Prime Analysis & Synthesis was successful. 0 errors, 197 warnings
    Info: Peak virtual memory: 435 megabytes
    Info: Processing ended: Sat Oct 29 18:09:46 2022
    Info: Elapsed time: 00:00:06
    Info: Total CPU time (on all processors): 00:00:14


